<?xml version="1.0" encoding="UTF-8"?>
<testsuite name="SILab2Test" tests="2" skipped="0" failures="0" errors="0" timestamp="2021-05-24T18:13:04" hostname="DESKTOP-0IB39JL" time="0.036">
  <properties/>
  <testcase name="multipleConditionsTest()" classname="SILab2Test" time="0.031"/>
  <testcase name="everyBranchTest()" classname="SILab2Test" time="0.004"/>
  <system-out><![CDATA[]]></system-out>
  <system-err><![CDATA[]]></system-err>
</testsuite>
